Jan 09 2020 06:18:10
{"action":"ai1wm_import","ai1wm_manual_restore":"1","storage":"1rcp3p3yi6ry","archive":"www.dhumor.in-20200108-120952-965.wpress","secret_key":"SC3bwAqRV8Vm"}

Jan 09 2020 06:18:21
{"action":"ai1wm_import","ai1wm_manual_restore":"1","storage":"1rcp3p3yi6ry","archive":"www.dhumor.in-20200108-120952-965.wpress","secret_key":"SC3bwAqRV8Vm","priority":"50","archive_bytes_offset":1641966091,"file_bytes_offset":0,"total_archive_size":10983496723,"completed":false}

Jan 09 2020 06:18:31
{"action":"ai1wm_import","ai1wm_manual_restore":"1","storage":"1rcp3p3yi6ry","archive":"www.dhumor.in-20200108-120952-965.wpress","secret_key":"SC3bwAqRV8Vm","priority":"50","archive_bytes_offset":3682384710,"file_bytes_offset":0,"total_archive_size":10983496723,"completed":false}

Jan 09 2020 06:18:41
{"action":"ai1wm_import","ai1wm_manual_restore":"1","storage":"1rcp3p3yi6ry","archive":"www.dhumor.in-20200108-120952-965.wpress","secret_key":"SC3bwAqRV8Vm","priority":"50","archive_bytes_offset":5254537974,"file_bytes_offset":0,"total_archive_size":10983496723,"completed":false}

Jan 09 2020 06:18:51
{"action":"ai1wm_import","ai1wm_manual_restore":"1","storage":"1rcp3p3yi6ry","archive":"www.dhumor.in-20200108-120952-965.wpress","secret_key":"SC3bwAqRV8Vm","priority":"50","archive_bytes_offset":6757743552,"file_bytes_offset":0,"total_archive_size":10983496723,"completed":false}

Jan 09 2020 06:19:01
{"action":"ai1wm_import","ai1wm_manual_restore":"1","storage":"1rcp3p3yi6ry","archive":"www.dhumor.in-20200108-120952-965.wpress","secret_key":"SC3bwAqRV8Vm","priority":"50","archive_bytes_offset":8920167606,"file_bytes_offset":0,"total_archive_size":10983496723,"completed":false}

Jan 09 2020 06:19:11
{"action":"ai1wm_import","ai1wm_manual_restore":"1","storage":"1rcp3p3yi6ry","archive":"www.dhumor.in-20200108-120952-965.wpress","secret_key":"SC3bwAqRV8Vm","priority":"50","archive_bytes_offset":10160749083,"file_bytes_offset":0,"total_archive_size":10983496723,"completed":false}

Jan 09 2020 06:19:14
{"action":"ai1wm_import","ai1wm_manual_restore":"1","storage":"1rcp3p3yi6ry","archive":"www.dhumor.in-20200108-120952-965.wpress","secret_key":"SC3bwAqRV8Vm","priority":"50"}

Jan 09 2020 06:19:20
{"action":"ai1wm_import","ai1wm_manual_restore":"1","storage":"1rcp3p3yi6ry","archive":"www.dhumor.in-20200108-120952-965.wpress","secret_key":"SC3bwAqRV8Vm","priority":"150"}

Jan 09 2020 06:20:21
{"action":"ai1wm_import","ai1wm_manual_restore":"1","storage":"1rcp3p3yi6ry","archive":"www.dhumor.in-20200108-120952-965.wpress","secret_key":"SC3bwAqRV8Vm","priority":"200","total_files_count":158987,"total_files_size":10287606247}

Jan 09 2020 06:21:22
{"action":"ai1wm_import","ai1wm_manual_restore":"1","storage":"1rcp3p3yi6ry","archive":"www.dhumor.in-20200108-120952-965.wpress","secret_key":"SC3bwAqRV8Vm","priority":"200","total_files_count":158987,"total_files_size":10287606247}

Jan 09 2020 06:22:24
{"action":"ai1wm_import","ai1wm_manual_restore":"1","storage":"1rcp3p3yi6ry","archive":"www.dhumor.in-20200108-120952-965.wpress","secret_key":"SC3bwAqRV8Vm","priority":"200","total_files_count":158987,"total_files_size":10287606247}

Jan 09 2020 06:23:32
{"action":"ai1wm_import","ai1wm_manual_restore":"1","storage":"1rcp3p3yi6ry","archive":"www.dhumor.in-20200108-120952-965.wpress","secret_key":"SC3bwAqRV8Vm","priority":"200","total_files_count":158987,"total_files_size":10287606247}

Jan 09 2020 06:24:31
{"action":"ai1wm_import","ai1wm_manual_restore":"1","storage":"1rcp3p3yi6ry","archive":"www.dhumor.in-20200108-120952-965.wpress","secret_key":"SC3bwAqRV8Vm","priority":"200","total_files_count":158987,"total_files_size":10287606247}

Jan 09 2020 06:25:48
{"action":"ai1wm_import","ai1wm_manual_restore":"1","storage":"1rcp3p3yi6ry","archive":"www.dhumor.in-20200108-120952-965.wpress","secret_key":"SC3bwAqRV8Vm","priority":"200","total_files_count":158987,"total_files_size":10287606247}

Jan 09 2020 06:26:45
{"action":"ai1wm_import","ai1wm_manual_restore":"1","storage":"1rcp3p3yi6ry","archive":"www.dhumor.in-20200108-120952-965.wpress","secret_key":"SC3bwAqRV8Vm","priority":"200","total_files_count":158987,"total_files_size":10287606247}

Jan 09 2020 06:27:52
{"action":"ai1wm_import","ai1wm_manual_restore":"1","storage":"1rcp3p3yi6ry","archive":"www.dhumor.in-20200108-120952-965.wpress","secret_key":"SC3bwAqRV8Vm","priority":"200","total_files_count":158987,"total_files_size":10287606247}

Jan 09 2020 06:29:02
{"action":"ai1wm_import","ai1wm_manual_restore":"1","storage":"1rcp3p3yi6ry","archive":"www.dhumor.in-20200108-120952-965.wpress","secret_key":"SC3bwAqRV8Vm","priority":"200","total_files_count":158987,"total_files_size":10287606247}

Jan 09 2020 06:30:00
{"action":"ai1wm_import","ai1wm_manual_restore":"1","storage":"1rcp3p3yi6ry","archive":"www.dhumor.in-20200108-120952-965.wpress","secret_key":"SC3bwAqRV8Vm","priority":"200","total_files_count":158987,"total_files_size":10287606247}

Jan 09 2020 06:31:10
{"action":"ai1wm_import","ai1wm_manual_restore":"1","storage":"1rcp3p3yi6ry","archive":"www.dhumor.in-20200108-120952-965.wpress","secret_key":"SC3bwAqRV8Vm","priority":"200","total_files_count":158987,"total_files_size":10287606247}

Jan 09 2020 06:32:22
{"action":"ai1wm_import","ai1wm_manual_restore":"1","storage":"1rcp3p3yi6ry","archive":"www.dhumor.in-20200108-120952-965.wpress","secret_key":"SC3bwAqRV8Vm","priority":"200","total_files_count":158987,"total_files_size":10287606247}

Jan 09 2020 06:33:38
{"action":"ai1wm_import","ai1wm_manual_restore":"1","storage":"1rcp3p3yi6ry","archive":"www.dhumor.in-20200108-120952-965.wpress","secret_key":"SC3bwAqRV8Vm","priority":"200","total_files_count":158987,"total_files_size":10287606247}

